
*** Running vivado
    with args -log floatingPointAdder.vds -m64 -product Vivado -mode batch -messageDb vivado.pb -notrace -source floatingPointAdder.tcl


****** Vivado v2018.3 (64-bit)
  **** SW Build 2405991 on Thu Dec  6 23:38:27 MST 2018
  **** IP Build 2404404 on Fri Dec  7 01:43:56 MST 2018
    ** Copyright 1986-2018 Xilinx, Inc. All Rights Reserved.

source floatingPointAdder.tcl -notrace
Command: synth_design -top floatingPointAdder -part xc7a35tcpg236-1
Starting synth_design
Attempting to get a license for feature 'Synthesis' and/or device 'xc7a35t'
INFO: [Common 17-349] Got license for feature 'Synthesis' and/or device 'xc7a35t'
INFO: Launching helper process for spawning children vivado processes
INFO: Helper process launched with PID 3340 
---------------------------------------------------------------------------------
Starting Synthesize : Time (s): cpu = 00:00:01 ; elapsed = 00:00:02 . Memory (MB): peak = 362.359 ; gain = 101.184
---------------------------------------------------------------------------------
INFO: [Synth 8-638] synthesizing module 'floatingPointAdder' [C:/Users/Adina-PC/Desktop/SSC/proiectSSCvs3/proiectSSCvs3.srcs/sources_1/new/floatingPointAdder.vhd:23]
INFO: [Synth 8-3491] module 'reg' declared at 'C:/Users/Adina-PC/Desktop/SSC/proiectSSCvs3/proiectSSCvs3.srcs/sources_1/new/reg.vhd:5' bound to instance 'primulNumar' of component 'reg' [C:/Users/Adina-PC/Desktop/SSC/proiectSSCvs3/proiectSSCvs3.srcs/sources_1/new/floatingPointAdder.vhd:100]
INFO: [Synth 8-638] synthesizing module '\reg ' [C:/Users/Adina-PC/Desktop/SSC/proiectSSCvs3/proiectSSCvs3.srcs/sources_1/new/reg.vhd:10]
INFO: [Synth 8-256] done synthesizing module '\reg ' (1#1) [C:/Users/Adina-PC/Desktop/SSC/proiectSSCvs3/proiectSSCvs3.srcs/sources_1/new/reg.vhd:10]
INFO: [Synth 8-3491] module 'reg' declared at 'C:/Users/Adina-PC/Desktop/SSC/proiectSSCvs3/proiectSSCvs3.srcs/sources_1/new/reg.vhd:5' bound to instance 'alDoileaNumar' of component 'reg' [C:/Users/Adina-PC/Desktop/SSC/proiectSSCvs3/proiectSSCvs3.srcs/sources_1/new/floatingPointAdder.vhd:104]
INFO: [Synth 8-3491] module 'ual1' declared at 'C:/Users/Adina-PC/Desktop/SSC/proiectSSCvs3/proiectSSCvs3.srcs/sources_1/new/ual1.vhd:6' bound to instance 'UAL1mapare' of component 'UAL1' [C:/Users/Adina-PC/Desktop/SSC/proiectSSCvs3/proiectSSCvs3.srcs/sources_1/new/floatingPointAdder.vhd:108]
INFO: [Synth 8-638] synthesizing module 'ual1' [C:/Users/Adina-PC/Desktop/SSC/proiectSSCvs3/proiectSSCvs3.srcs/sources_1/new/ual1.vhd:13]
INFO: [Synth 8-256] done synthesizing module 'ual1' (2#1) [C:/Users/Adina-PC/Desktop/SSC/proiectSSCvs3/proiectSSCvs3.srcs/sources_1/new/ual1.vhd:13]
INFO: [Synth 8-3491] module 'rightShifter' declared at 'C:/Users/Adina-PC/Desktop/SSC/proiectSSCvs3/proiectSSCvs3.srcs/sources_1/new/rightShifter.vhd:5' bound to instance 'deplasareDreapta' of component 'rightShifter' [C:/Users/Adina-PC/Desktop/SSC/proiectSSCvs3/proiectSSCvs3.srcs/sources_1/new/floatingPointAdder.vhd:115]
INFO: [Synth 8-638] synthesizing module 'rightShifter' [C:/Users/Adina-PC/Desktop/SSC/proiectSSCvs3/proiectSSCvs3.srcs/sources_1/new/rightShifter.vhd:11]
INFO: [Synth 8-256] done synthesizing module 'rightShifter' (3#1) [C:/Users/Adina-PC/Desktop/SSC/proiectSSCvs3/proiectSSCvs3.srcs/sources_1/new/rightShifter.vhd:11]
WARNING: [Synth 8-5640] Port 'aluctrl' is missing in component declaration [C:/Users/Adina-PC/Desktop/SSC/proiectSSCvs3/proiectSSCvs3.srcs/sources_1/new/floatingPointAdder.vhd:52]
INFO: [Synth 8-3491] module 'UAL2' declared at 'C:/Users/Adina-PC/Desktop/SSC/proiectSSCvs3/proiectSSCvs3.srcs/sources_1/new/ual2.vhd:5' bound to instance 'UAL2mapare' of component 'UAL2' [C:/Users/Adina-PC/Desktop/SSC/proiectSSCvs3/proiectSSCvs3.srcs/sources_1/new/floatingPointAdder.vhd:120]
INFO: [Synth 8-638] synthesizing module 'UAL2' [C:/Users/Adina-PC/Desktop/SSC/proiectSSCvs3/proiectSSCvs3.srcs/sources_1/new/ual2.vhd:18]
INFO: [Synth 8-3491] module 'sumatorMantise' declared at 'C:/Users/Adina-PC/Desktop/SSC/proiectSSCvs3/proiectSSCvs3.srcs/sources_1/new/sumatorMantise.vhd:4' bound to instance 'sumator' of component 'sumatorMantise' [C:/Users/Adina-PC/Desktop/SSC/proiectSSCvs3/proiectSSCvs3.srcs/sources_1/new/ual2.vhd:54]
INFO: [Synth 8-638] synthesizing module 'sumatorMantise' [C:/Users/Adina-PC/Desktop/SSC/proiectSSCvs3/proiectSSCvs3.srcs/sources_1/new/sumatorMantise.vhd:12]
INFO: [Synth 8-3491] module 'sumatorPe1Bit' declared at 'C:/Users/Adina-PC/Desktop/SSC/proiectSSCvs3/proiectSSCvs3.srcs/sources_1/new/sumatorPe1Bit.vhd:4' bound to instance 'sumator0' of component 'sumatorPe1Bit' [C:/Users/Adina-PC/Desktop/SSC/proiectSSCvs3/proiectSSCvs3.srcs/sources_1/new/sumatorMantise.vhd:28]
INFO: [Synth 8-638] synthesizing module 'sumatorPe1Bit' [C:/Users/Adina-PC/Desktop/SSC/proiectSSCvs3/proiectSSCvs3.srcs/sources_1/new/sumatorPe1Bit.vhd:14]
INFO: [Synth 8-256] done synthesizing module 'sumatorPe1Bit' (4#1) [C:/Users/Adina-PC/Desktop/SSC/proiectSSCvs3/proiectSSCvs3.srcs/sources_1/new/sumatorPe1Bit.vhd:14]
INFO: [Synth 8-3491] module 'sumatorPe1Bit' declared at 'C:/Users/Adina-PC/Desktop/SSC/proiectSSCvs3/proiectSSCvs3.srcs/sources_1/new/sumatorPe1Bit.vhd:4' bound to instance 'sumator' of component 'sumatorPe1Bit' [C:/Users/Adina-PC/Desktop/SSC/proiectSSCvs3/proiectSSCvs3.srcs/sources_1/new/sumatorMantise.vhd:36]
INFO: [Synth 8-3491] module 'sumatorPe1Bit' declared at 'C:/Users/Adina-PC/Desktop/SSC/proiectSSCvs3/proiectSSCvs3.srcs/sources_1/new/sumatorPe1Bit.vhd:4' bound to instance 'sumator' of component 'sumatorPe1Bit' [C:/Users/Adina-PC/Desktop/SSC/proiectSSCvs3/proiectSSCvs3.srcs/sources_1/new/sumatorMantise.vhd:36]
INFO: [Synth 8-3491] module 'sumatorPe1Bit' declared at 'C:/Users/Adina-PC/Desktop/SSC/proiectSSCvs3/proiectSSCvs3.srcs/sources_1/new/sumatorPe1Bit.vhd:4' bound to instance 'sumator' of component 'sumatorPe1Bit' [C:/Users/Adina-PC/Desktop/SSC/proiectSSCvs3/proiectSSCvs3.srcs/sources_1/new/sumatorMantise.vhd:36]
INFO: [Synth 8-3491] module 'sumatorPe1Bit' declared at 'C:/Users/Adina-PC/Desktop/SSC/proiectSSCvs3/proiectSSCvs3.srcs/sources_1/new/sumatorPe1Bit.vhd:4' bound to instance 'sumator' of component 'sumatorPe1Bit' [C:/Users/Adina-PC/Desktop/SSC/proiectSSCvs3/proiectSSCvs3.srcs/sources_1/new/sumatorMantise.vhd:36]
INFO: [Synth 8-3491] module 'sumatorPe1Bit' declared at 'C:/Users/Adina-PC/Desktop/SSC/proiectSSCvs3/proiectSSCvs3.srcs/sources_1/new/sumatorPe1Bit.vhd:4' bound to instance 'sumator' of component 'sumatorPe1Bit' [C:/Users/Adina-PC/Desktop/SSC/proiectSSCvs3/proiectSSCvs3.srcs/sources_1/new/sumatorMantise.vhd:36]
INFO: [Synth 8-3491] module 'sumatorPe1Bit' declared at 'C:/Users/Adina-PC/Desktop/SSC/proiectSSCvs3/proiectSSCvs3.srcs/sources_1/new/sumatorPe1Bit.vhd:4' bound to instance 'sumator' of component 'sumatorPe1Bit' [C:/Users/Adina-PC/Desktop/SSC/proiectSSCvs3/proiectSSCvs3.srcs/sources_1/new/sumatorMantise.vhd:36]
INFO: [Synth 8-3491] module 'sumatorPe1Bit' declared at 'C:/Users/Adina-PC/Desktop/SSC/proiectSSCvs3/proiectSSCvs3.srcs/sources_1/new/sumatorPe1Bit.vhd:4' bound to instance 'sumator' of component 'sumatorPe1Bit' [C:/Users/Adina-PC/Desktop/SSC/proiectSSCvs3/proiectSSCvs3.srcs/sources_1/new/sumatorMantise.vhd:36]
INFO: [Synth 8-3491] module 'sumatorPe1Bit' declared at 'C:/Users/Adina-PC/Desktop/SSC/proiectSSCvs3/proiectSSCvs3.srcs/sources_1/new/sumatorPe1Bit.vhd:4' bound to instance 'sumator' of component 'sumatorPe1Bit' [C:/Users/Adina-PC/Desktop/SSC/proiectSSCvs3/proiectSSCvs3.srcs/sources_1/new/sumatorMantise.vhd:36]
INFO: [Synth 8-3491] module 'sumatorPe1Bit' declared at 'C:/Users/Adina-PC/Desktop/SSC/proiectSSCvs3/proiectSSCvs3.srcs/sources_1/new/sumatorPe1Bit.vhd:4' bound to instance 'sumator' of component 'sumatorPe1Bit' [C:/Users/Adina-PC/Desktop/SSC/proiectSSCvs3/proiectSSCvs3.srcs/sources_1/new/sumatorMantise.vhd:36]
INFO: [Synth 8-3491] module 'sumatorPe1Bit' declared at 'C:/Users/Adina-PC/Desktop/SSC/proiectSSCvs3/proiectSSCvs3.srcs/sources_1/new/sumatorPe1Bit.vhd:4' bound to instance 'sumator' of component 'sumatorPe1Bit' [C:/Users/Adina-PC/Desktop/SSC/proiectSSCvs3/proiectSSCvs3.srcs/sources_1/new/sumatorMantise.vhd:36]
INFO: [Synth 8-3491] module 'sumatorPe1Bit' declared at 'C:/Users/Adina-PC/Desktop/SSC/proiectSSCvs3/proiectSSCvs3.srcs/sources_1/new/sumatorPe1Bit.vhd:4' bound to instance 'sumator' of component 'sumatorPe1Bit' [C:/Users/Adina-PC/Desktop/SSC/proiectSSCvs3/proiectSSCvs3.srcs/sources_1/new/sumatorMantise.vhd:36]
INFO: [Synth 8-3491] module 'sumatorPe1Bit' declared at 'C:/Users/Adina-PC/Desktop/SSC/proiectSSCvs3/proiectSSCvs3.srcs/sources_1/new/sumatorPe1Bit.vhd:4' bound to instance 'sumator' of component 'sumatorPe1Bit' [C:/Users/Adina-PC/Desktop/SSC/proiectSSCvs3/proiectSSCvs3.srcs/sources_1/new/sumatorMantise.vhd:36]
INFO: [Synth 8-3491] module 'sumatorPe1Bit' declared at 'C:/Users/Adina-PC/Desktop/SSC/proiectSSCvs3/proiectSSCvs3.srcs/sources_1/new/sumatorPe1Bit.vhd:4' bound to instance 'sumator' of component 'sumatorPe1Bit' [C:/Users/Adina-PC/Desktop/SSC/proiectSSCvs3/proiectSSCvs3.srcs/sources_1/new/sumatorMantise.vhd:36]
INFO: [Synth 8-3491] module 'sumatorPe1Bit' declared at 'C:/Users/Adina-PC/Desktop/SSC/proiectSSCvs3/proiectSSCvs3.srcs/sources_1/new/sumatorPe1Bit.vhd:4' bound to instance 'sumator' of component 'sumatorPe1Bit' [C:/Users/Adina-PC/Desktop/SSC/proiectSSCvs3/proiectSSCvs3.srcs/sources_1/new/sumatorMantise.vhd:36]
INFO: [Synth 8-3491] module 'sumatorPe1Bit' declared at 'C:/Users/Adina-PC/Desktop/SSC/proiectSSCvs3/proiectSSCvs3.srcs/sources_1/new/sumatorPe1Bit.vhd:4' bound to instance 'sumator' of component 'sumatorPe1Bit' [C:/Users/Adina-PC/Desktop/SSC/proiectSSCvs3/proiectSSCvs3.srcs/sources_1/new/sumatorMantise.vhd:36]
INFO: [Synth 8-3491] module 'sumatorPe1Bit' declared at 'C:/Users/Adina-PC/Desktop/SSC/proiectSSCvs3/proiectSSCvs3.srcs/sources_1/new/sumatorPe1Bit.vhd:4' bound to instance 'sumator' of component 'sumatorPe1Bit' [C:/Users/Adina-PC/Desktop/SSC/proiectSSCvs3/proiectSSCvs3.srcs/sources_1/new/sumatorMantise.vhd:36]
INFO: [Synth 8-3491] module 'sumatorPe1Bit' declared at 'C:/Users/Adina-PC/Desktop/SSC/proiectSSCvs3/proiectSSCvs3.srcs/sources_1/new/sumatorPe1Bit.vhd:4' bound to instance 'sumator' of component 'sumatorPe1Bit' [C:/Users/Adina-PC/Desktop/SSC/proiectSSCvs3/proiectSSCvs3.srcs/sources_1/new/sumatorMantise.vhd:36]
INFO: [Synth 8-3491] module 'sumatorPe1Bit' declared at 'C:/Users/Adina-PC/Desktop/SSC/proiectSSCvs3/proiectSSCvs3.srcs/sources_1/new/sumatorPe1Bit.vhd:4' bound to instance 'sumator' of component 'sumatorPe1Bit' [C:/Users/Adina-PC/Desktop/SSC/proiectSSCvs3/proiectSSCvs3.srcs/sources_1/new/sumatorMantise.vhd:36]
INFO: [Synth 8-3491] module 'sumatorPe1Bit' declared at 'C:/Users/Adina-PC/Desktop/SSC/proiectSSCvs3/proiectSSCvs3.srcs/sources_1/new/sumatorPe1Bit.vhd:4' bound to instance 'sumator' of component 'sumatorPe1Bit' [C:/Users/Adina-PC/Desktop/SSC/proiectSSCvs3/proiectSSCvs3.srcs/sources_1/new/sumatorMantise.vhd:36]
INFO: [Synth 8-3491] module 'sumatorPe1Bit' declared at 'C:/Users/Adina-PC/Desktop/SSC/proiectSSCvs3/proiectSSCvs3.srcs/sources_1/new/sumatorPe1Bit.vhd:4' bound to instance 'sumator' of component 'sumatorPe1Bit' [C:/Users/Adina-PC/Desktop/SSC/proiectSSCvs3/proiectSSCvs3.srcs/sources_1/new/sumatorMantise.vhd:36]
INFO: [Synth 8-3491] module 'sumatorPe1Bit' declared at 'C:/Users/Adina-PC/Desktop/SSC/proiectSSCvs3/proiectSSCvs3.srcs/sources_1/new/sumatorPe1Bit.vhd:4' bound to instance 'sumator' of component 'sumatorPe1Bit' [C:/Users/Adina-PC/Desktop/SSC/proiectSSCvs3/proiectSSCvs3.srcs/sources_1/new/sumatorMantise.vhd:36]
INFO: [Synth 8-3491] module 'sumatorPe1Bit' declared at 'C:/Users/Adina-PC/Desktop/SSC/proiectSSCvs3/proiectSSCvs3.srcs/sources_1/new/sumatorPe1Bit.vhd:4' bound to instance 'sumator' of component 'sumatorPe1Bit' [C:/Users/Adina-PC/Desktop/SSC/proiectSSCvs3/proiectSSCvs3.srcs/sources_1/new/sumatorMantise.vhd:36]
INFO: [Synth 8-3491] module 'sumatorPe1Bit' declared at 'C:/Users/Adina-PC/Desktop/SSC/proiectSSCvs3/proiectSSCvs3.srcs/sources_1/new/sumatorPe1Bit.vhd:4' bound to instance 'sumator' of component 'sumatorPe1Bit' [C:/Users/Adina-PC/Desktop/SSC/proiectSSCvs3/proiectSSCvs3.srcs/sources_1/new/sumatorMantise.vhd:36]
INFO: [Synth 8-256] done synthesizing module 'sumatorMantise' (5#1) [C:/Users/Adina-PC/Desktop/SSC/proiectSSCvs3/proiectSSCvs3.srcs/sources_1/new/sumatorMantise.vhd:12]
INFO: [Synth 8-3491] module 'scazatorMantise' declared at 'C:/Users/Adina-PC/Desktop/SSC/proiectSSCvs3/proiectSSCvs3.srcs/sources_1/new/scazatorMantise.vhd:4' bound to instance 'scazator' of component 'scazatorMantise' [C:/Users/Adina-PC/Desktop/SSC/proiectSSCvs3/proiectSSCvs3.srcs/sources_1/new/ual2.vhd:63]
INFO: [Synth 8-638] synthesizing module 'scazatorMantise' [C:/Users/Adina-PC/Desktop/SSC/proiectSSCvs3/proiectSSCvs3.srcs/sources_1/new/scazatorMantise.vhd:12]
INFO: [Synth 8-3491] module 'sumatorPe1Bit' declared at 'C:/Users/Adina-PC/Desktop/SSC/proiectSSCvs3/proiectSSCvs3.srcs/sources_1/new/sumatorPe1Bit.vhd:4' bound to instance 'scazator' of component 'sumatorPe1Bit' [C:/Users/Adina-PC/Desktop/SSC/proiectSSCvs3/proiectSSCvs3.srcs/sources_1/new/scazatorMantise.vhd:31]
INFO: [Synth 8-3491] module 'sumatorPe1Bit' declared at 'C:/Users/Adina-PC/Desktop/SSC/proiectSSCvs3/proiectSSCvs3.srcs/sources_1/new/sumatorPe1Bit.vhd:4' bound to instance 'scazator' of component 'sumatorPe1Bit' [C:/Users/Adina-PC/Desktop/SSC/proiectSSCvs3/proiectSSCvs3.srcs/sources_1/new/scazatorMantise.vhd:39]
INFO: [Synth 8-3491] module 'sumatorPe1Bit' declared at 'C:/Users/Adina-PC/Desktop/SSC/proiectSSCvs3/proiectSSCvs3.srcs/sources_1/new/sumatorPe1Bit.vhd:4' bound to instance 'scazator' of component 'sumatorPe1Bit' [C:/Users/Adina-PC/Desktop/SSC/proiectSSCvs3/proiectSSCvs3.srcs/sources_1/new/scazatorMantise.vhd:39]
INFO: [Synth 8-3491] module 'sumatorPe1Bit' declared at 'C:/Users/Adina-PC/Desktop/SSC/proiectSSCvs3/proiectSSCvs3.srcs/sources_1/new/sumatorPe1Bit.vhd:4' bound to instance 'scazator' of component 'sumatorPe1Bit' [C:/Users/Adina-PC/Desktop/SSC/proiectSSCvs3/proiectSSCvs3.srcs/sources_1/new/scazatorMantise.vhd:39]
INFO: [Synth 8-3491] module 'sumatorPe1Bit' declared at 'C:/Users/Adina-PC/Desktop/SSC/proiectSSCvs3/proiectSSCvs3.srcs/sources_1/new/sumatorPe1Bit.vhd:4' bound to instance 'scazator' of component 'sumatorPe1Bit' [C:/Users/Adina-PC/Desktop/SSC/proiectSSCvs3/proiectSSCvs3.srcs/sources_1/new/scazatorMantise.vhd:39]
INFO: [Synth 8-3491] module 'sumatorPe1Bit' declared at 'C:/Users/Adina-PC/Desktop/SSC/proiectSSCvs3/proiectSSCvs3.srcs/sources_1/new/sumatorPe1Bit.vhd:4' bound to instance 'scazator' of component 'sumatorPe1Bit' [C:/Users/Adina-PC/Desktop/SSC/proiectSSCvs3/proiectSSCvs3.srcs/sources_1/new/scazatorMantise.vhd:39]
INFO: [Synth 8-3491] module 'sumatorPe1Bit' declared at 'C:/Users/Adina-PC/Desktop/SSC/proiectSSCvs3/proiectSSCvs3.srcs/sources_1/new/sumatorPe1Bit.vhd:4' bound to instance 'scazator' of component 'sumatorPe1Bit' [C:/Users/Adina-PC/Desktop/SSC/proiectSSCvs3/proiectSSCvs3.srcs/sources_1/new/scazatorMantise.vhd:39]
INFO: [Synth 8-3491] module 'sumatorPe1Bit' declared at 'C:/Users/Adina-PC/Desktop/SSC/proiectSSCvs3/proiectSSCvs3.srcs/sources_1/new/sumatorPe1Bit.vhd:4' bound to instance 'scazator' of component 'sumatorPe1Bit' [C:/Users/Adina-PC/Desktop/SSC/proiectSSCvs3/proiectSSCvs3.srcs/sources_1/new/scazatorMantise.vhd:39]
INFO: [Synth 8-3491] module 'sumatorPe1Bit' declared at 'C:/Users/Adina-PC/Desktop/SSC/proiectSSCvs3/proiectSSCvs3.srcs/sources_1/new/sumatorPe1Bit.vhd:4' bound to instance 'scazator' of component 'sumatorPe1Bit' [C:/Users/Adina-PC/Desktop/SSC/proiectSSCvs3/proiectSSCvs3.srcs/sources_1/new/scazatorMantise.vhd:39]
INFO: [Synth 8-3491] module 'sumatorPe1Bit' declared at 'C:/Users/Adina-PC/Desktop/SSC/proiectSSCvs3/proiectSSCvs3.srcs/sources_1/new/sumatorPe1Bit.vhd:4' bound to instance 'scazator' of component 'sumatorPe1Bit' [C:/Users/Adina-PC/Desktop/SSC/proiectSSCvs3/proiectSSCvs3.srcs/sources_1/new/scazatorMantise.vhd:39]
INFO: [Synth 8-3491] module 'sumatorPe1Bit' declared at 'C:/Users/Adina-PC/Desktop/SSC/proiectSSCvs3/proiectSSCvs3.srcs/sources_1/new/sumatorPe1Bit.vhd:4' bound to instance 'scazator' of component 'sumatorPe1Bit' [C:/Users/Adina-PC/Desktop/SSC/proiectSSCvs3/proiectSSCvs3.srcs/sources_1/new/scazatorMantise.vhd:39]
INFO: [Synth 8-3491] module 'sumatorPe1Bit' declared at 'C:/Users/Adina-PC/Desktop/SSC/proiectSSCvs3/proiectSSCvs3.srcs/sources_1/new/sumatorPe1Bit.vhd:4' bound to instance 'scazator' of component 'sumatorPe1Bit' [C:/Users/Adina-PC/Desktop/SSC/proiectSSCvs3/proiectSSCvs3.srcs/sources_1/new/scazatorMantise.vhd:39]
INFO: [Synth 8-3491] module 'sumatorPe1Bit' declared at 'C:/Users/Adina-PC/Desktop/SSC/proiectSSCvs3/proiectSSCvs3.srcs/sources_1/new/sumatorPe1Bit.vhd:4' bound to instance 'scazator' of component 'sumatorPe1Bit' [C:/Users/Adina-PC/Desktop/SSC/proiectSSCvs3/proiectSSCvs3.srcs/sources_1/new/scazatorMantise.vhd:39]
INFO: [Synth 8-3491] module 'sumatorPe1Bit' declared at 'C:/Users/Adina-PC/Desktop/SSC/proiectSSCvs3/proiectSSCvs3.srcs/sources_1/new/sumatorPe1Bit.vhd:4' bound to instance 'scazator' of component 'sumatorPe1Bit' [C:/Users/Adina-PC/Desktop/SSC/proiectSSCvs3/proiectSSCvs3.srcs/sources_1/new/scazatorMantise.vhd:39]
INFO: [Synth 8-3491] module 'sumatorPe1Bit' declared at 'C:/Users/Adina-PC/Desktop/SSC/proiectSSCvs3/proiectSSCvs3.srcs/sources_1/new/sumatorPe1Bit.vhd:4' bound to instance 'scazator' of component 'sumatorPe1Bit' [C:/Users/Adina-PC/Desktop/SSC/proiectSSCvs3/proiectSSCvs3.srcs/sources_1/new/scazatorMantise.vhd:39]
INFO: [Synth 8-3491] module 'sumatorPe1Bit' declared at 'C:/Users/Adina-PC/Desktop/SSC/proiectSSCvs3/proiectSSCvs3.srcs/sources_1/new/sumatorPe1Bit.vhd:4' bound to instance 'scazator' of component 'sumatorPe1Bit' [C:/Users/Adina-PC/Desktop/SSC/proiectSSCvs3/proiectSSCvs3.srcs/sources_1/new/scazatorMantise.vhd:39]
INFO: [Synth 8-3491] module 'sumatorPe1Bit' declared at 'C:/Users/Adina-PC/Desktop/SSC/proiectSSCvs3/proiectSSCvs3.srcs/sources_1/new/sumatorPe1Bit.vhd:4' bound to instance 'scazator' of component 'sumatorPe1Bit' [C:/Users/Adina-PC/Desktop/SSC/proiectSSCvs3/proiectSSCvs3.srcs/sources_1/new/scazatorMantise.vhd:39]
INFO: [Synth 8-3491] module 'sumatorPe1Bit' declared at 'C:/Users/Adina-PC/Desktop/SSC/proiectSSCvs3/proiectSSCvs3.srcs/sources_1/new/sumatorPe1Bit.vhd:4' bound to instance 'scazator' of component 'sumatorPe1Bit' [C:/Users/Adina-PC/Desktop/SSC/proiectSSCvs3/proiectSSCvs3.srcs/sources_1/new/scazatorMantise.vhd:39]
INFO: [Synth 8-3491] module 'sumatorPe1Bit' declared at 'C:/Users/Adina-PC/Desktop/SSC/proiectSSCvs3/proiectSSCvs3.srcs/sources_1/new/sumatorPe1Bit.vhd:4' bound to instance 'scazator' of component 'sumatorPe1Bit' [C:/Users/Adina-PC/Desktop/SSC/proiectSSCvs3/proiectSSCvs3.srcs/sources_1/new/scazatorMantise.vhd:39]
INFO: [Synth 8-3491] module 'sumatorPe1Bit' declared at 'C:/Users/Adina-PC/Desktop/SSC/proiectSSCvs3/proiectSSCvs3.srcs/sources_1/new/sumatorPe1Bit.vhd:4' bound to instance 'scazator' of component 'sumatorPe1Bit' [C:/Users/Adina-PC/Desktop/SSC/proiectSSCvs3/proiectSSCvs3.srcs/sources_1/new/scazatorMantise.vhd:39]
INFO: [Synth 8-3491] module 'sumatorPe1Bit' declared at 'C:/Users/Adina-PC/Desktop/SSC/proiectSSCvs3/proiectSSCvs3.srcs/sources_1/new/sumatorPe1Bit.vhd:4' bound to instance 'scazator' of component 'sumatorPe1Bit' [C:/Users/Adina-PC/Desktop/SSC/proiectSSCvs3/proiectSSCvs3.srcs/sources_1/new/scazatorMantise.vhd:39]
INFO: [Synth 8-3491] module 'sumatorPe1Bit' declared at 'C:/Users/Adina-PC/Desktop/SSC/proiectSSCvs3/proiectSSCvs3.srcs/sources_1/new/sumatorPe1Bit.vhd:4' bound to instance 'scazator' of component 'sumatorPe1Bit' [C:/Users/Adina-PC/Desktop/SSC/proiectSSCvs3/proiectSSCvs3.srcs/sources_1/new/scazatorMantise.vhd:39]
INFO: [Synth 8-3491] module 'sumatorPe1Bit' declared at 'C:/Users/Adina-PC/Desktop/SSC/proiectSSCvs3/proiectSSCvs3.srcs/sources_1/new/sumatorPe1Bit.vhd:4' bound to instance 'scazator' of component 'sumatorPe1Bit' [C:/Users/Adina-PC/Desktop/SSC/proiectSSCvs3/proiectSSCvs3.srcs/sources_1/new/scazatorMantise.vhd:39]
INFO: [Synth 8-3491] module 'sumatorPe1Bit' declared at 'C:/Users/Adina-PC/Desktop/SSC/proiectSSCvs3/proiectSSCvs3.srcs/sources_1/new/sumatorPe1Bit.vhd:4' bound to instance 'scazator' of component 'sumatorPe1Bit' [C:/Users/Adina-PC/Desktop/SSC/proiectSSCvs3/proiectSSCvs3.srcs/sources_1/new/scazatorMantise.vhd:39]
INFO: [Synth 8-256] done synthesizing module 'scazatorMantise' (6#1) [C:/Users/Adina-PC/Desktop/SSC/proiectSSCvs3/proiectSSCvs3.srcs/sources_1/new/scazatorMantise.vhd:12]
WARNING: [Synth 8-614] signal 'aluCTRL' is read in the process but is not in the sensitivity list [C:/Users/Adina-PC/Desktop/SSC/proiectSSCvs3/proiectSSCvs3.srcs/sources_1/new/ual2.vhd:81]
INFO: [Synth 8-256] done synthesizing module 'UAL2' (7#1) [C:/Users/Adina-PC/Desktop/SSC/proiectSSCvs3/proiectSSCvs3.srcs/sources_1/new/ual2.vhd:18]
INFO: [Synth 8-3491] module 'normalizare' declared at 'C:/Users/Adina-PC/Desktop/SSC/proiectSSCvs3/proiectSSCvs3.srcs/sources_1/new/normalizare.vhd:6' bound to instance 'normalizareMapare' of component 'normalizare' [C:/Users/Adina-PC/Desktop/SSC/proiectSSCvs3/proiectSSCvs3.srcs/sources_1/new/floatingPointAdder.vhd:130]
INFO: [Synth 8-638] synthesizing module 'normalizare' [C:/Users/Adina-PC/Desktop/SSC/proiectSSCvs3/proiectSSCvs3.srcs/sources_1/new/normalizare.vhd:14]
ERROR: [Synth 8-3380] loop condition does not converge after 2000 iterations [C:/Users/Adina-PC/Desktop/SSC/proiectSSCvs3/proiectSSCvs3.srcs/sources_1/new/normalizare.vhd:27]
ERROR: [Synth 8-285] failed synthesizing module 'normalizare' [C:/Users/Adina-PC/Desktop/SSC/proiectSSCvs3/proiectSSCvs3.srcs/sources_1/new/normalizare.vhd:14]
ERROR: [Synth 8-285] failed synthesizing module 'floatingPointAdder' [C:/Users/Adina-PC/Desktop/SSC/proiectSSCvs3/proiectSSCvs3.srcs/sources_1/new/floatingPointAdder.vhd:23]
---------------------------------------------------------------------------------
Finished Synthesize : Time (s): cpu = 00:00:16 ; elapsed = 00:00:17 . Memory (MB): peak = 2810.812 ; gain = 2549.637
---------------------------------------------------------------------------------
synthesize failed
INFO: [Common 17-83] Releasing license: Synthesis
74 Infos, 2 Warnings, 0 Critical Warnings and 4 Errors encountered.
synth_design failed
ERROR: [Common 17-69] Command failed: Vivado Synthesis failed
INFO: [Common 17-206] Exiting Vivado at Tue Dec 24 01:42:35 2024...
